#
# There is insufficient memory for the Java Runtime Environment to continue.
# Native memory allocation (mmap) failed to map 167772160 bytes for G1 virtual space
# Possible reasons:
#   The system is out of physical RAM or swap space
#   The process is running with CompressedOops enabled, and the Java Heap may be blocking the growth of the native heap
# Possible solutions:
#   Reduce memory load on the system
#   Increase physical memory or swap space
#   Check if swap backing store is full
#   Decrease Java heap size (-Xmx/-Xms)
#   Decrease number of Java threads
#   Decrease Java thread stack sizes (-Xss)
#   Set larger code cache with -XX:ReservedCodeCacheSize=
#   JVM is running with Zero Based Compressed Oops mode in which the Java heap is
#     placed in the first 32GB address space. The Java Heap base address is the
#     maximum limit for the native heap growth. Please use -XX:HeapBaseMinAddress
#     to set the Java Heap base and to place the Java Heap above 32GB virtual address.
# This output file may be truncated or incomplete.
#
#  Out of Memory Error (os_windows.cpp:3613), pid=780, tid=26984
#
# JRE version:  (17.0.10+7) (build )
# Java VM: OpenJDK 64-Bit Server VM (17.0.10+7, mixed mode, sharing, tiered, compressed oops, compressed class ptrs, g1 gc, windows-amd64)
# No core dump will be written. Minidumps are not enabled by default on client versions of Windows
#

---------------  S U M M A R Y ------------

Command Line: -Dfile.encoding=UTF-8 -Dstdout.encoding=UTF-8 -Dstderr.encoding=UTF-8 -XX:+ShowCodeDetailsInExceptionMessages Login

Host: AMD Ryzen 7 3700U with Radeon Vega Mobile Gfx  , 8 cores, 9G,  Windows 10 , 64 bit Build 19041 (10.0.19041.3636)
Time: Fri Mar  8 16:36:46 2024  Windows 10 , 64 bit Build 19041 (10.0.19041.3636) elapsed time: 0.019960 seconds (0d 0h 0m 0s)

---------------  T H R E A D  ---------------

Current thread (0x00000240d9f8b250):  JavaThread "Unknown thread" [_thread_in_vm, id=26984, stack(0x000000f671600000,0x000000f671700000)]

Stack: [0x000000f671600000,0x000000f671700000]
Native frames: (J=compiled Java code, j=interpreted, Vv=VM code, C=native code)
V  [jvm.dll+0x67d2c9]
V  [jvm.dll+0x834afa]
V  [jvm.dll+0x8365be]
V  [jvm.dll+0x836c23]
V  [jvm.dll+0x2477ff]
V  [jvm.dll+0x67a109]
V  [jvm.dll+0x66eb7a]
V  [jvm.dll+0x30764b]
V  [jvm.dll+0x30eaf6]
V  [jvm.dll+0x35e83e]
V  [jvm.dll+0x35ea6f]
V  [jvm.dll+0x2de248]
V  [jvm.dll+0x2df1b4]
V  [jvm.dll+0x806361]
V  [jvm.dll+0x36c6f1]
V  [jvm.dll+0x7e4e06]
V  [jvm.dll+0x3eff3f]
V  [jvm.dll+0x3f1b71]
C  [jli.dll+0x528f]
C  [ucrtbase.dll+0x21bb2]
C  [KERNEL32.DLL+0x17344]
C  [ntdll.dll+0x526b1]


---------------  P R O C E S S  ---------------

Threads class SMR info:
_java_thread_list=0x00007ff9c7ceee98, length=0, elements={
}

Java Threads: ( => current thread )

Other Threads:
  0x00000240d9fdb080 GCTaskThread "GC Thread#0" [stack: 0x000000f671700000,0x000000f671800000] [id=27036]
  0x00000240d9fe66b0 ConcurrentGCThread "G1 Main Marker" [stack: 0x000000f671800000,0x000000f671900000] [id=2720]
  0x00000240d9fe70d0 ConcurrentGCThread "G1 Conc#0" [stack: 0x000000f671900000,0x000000f671a00000] [id=23388]

[error occurred during error reporting (printing all threads), id 0xc0000005, EXCEPTION_ACCESS_VIOLATION (0xc0000005) at pc=0x00007ff9c74aec87]

VM state: not at safepoint (not fully initialized)

VM Mutex/Monitor currently owned by a thread:  ([mutex/lock_event])
[0x00000240d9f86630] Heap_lock - owner thread: 0x00000240d9f8b250

Heap address: 0x0000000760c00000, size: 2548 MB, Compressed Oops mode: Zero based, Oop shift amount: 3

CDS archive(s) mapped at: [0x0000000000000000-0x0000000000000000-0x0000000000000000), size 0, SharedBaseAddress: 0x0000000800000000, ArchiveRelocationMode: 1.
Narrow klass base: 0x0000000000000000, Narrow klass shift: 0, Narrow klass range: 0x0

GC Precious Log:
<Empty>

Heap:
 garbage-first heap   total 0K, used 0K [0x0000000760c00000, 0x0000000800000000)
  region size 2048K, 0 young (0K), 0 survivors (0K)

[error occurred during error reporting (printing heap information), id 0xc0000005, EXCEPTION_ACCESS_VIOLATION (0xc0000005) at pc=0x00007ff9c7896fb9]

GC Heap History (0 events):
No events

Dll operation events (1 events):
Event: 0.013 Loaded shared library C:\Users\pkb19\.p2\pool\plugins\org.eclipse.justj.openjdk.hotspot.jre.full.win32.x86_64_17.0.10.v20240120-1143\jre\bin\java.dll

Deoptimization events (0 events):
No events

Classes unloaded (0 events):
No events

Classes redefined (0 events):
No events

Internal exceptions (0 events):
No events

VM Operations (0 events):
No events

Events (0 events):
No events


Dynamic libraries:
0x00007ff7f0620000 - 0x00007ff7f062e000 	C:\Users\pkb19\.p2\pool\plugins\org.eclipse.justj.openjdk.hotspot.jre.full.win32.x86_64_17.0.10.v20240120-1143\jre\bin\javaw.exe
0x00007ffa2c670000 - 0x00007ffa2c868000 	C:\WINDOWS\SYSTEM32\ntdll.dll
0x00007ffa2ad80000 - 0x00007ffa2ae3d000 	C:\WINDOWS\System32\KERNEL32.DLL
0x00007ffa29f80000 - 0x00007ffa2a276000 	C:\WINDOWS\System32\KERNELBASE.dll
0x00007ffa29e80000 - 0x00007ffa29f80000 	C:\WINDOWS\System32\ucrtbase.dll
0x00007ffa19170000 - 0x00007ffa1918b000 	C:\Users\pkb19\.p2\pool\plugins\org.eclipse.justj.openjdk.hotspot.jre.full.win32.x86_64_17.0.10.v20240120-1143\jre\bin\VCRUNTIME140.dll
0x00007ffa233b0000 - 0x00007ffa233c7000 	C:\Users\pkb19\.p2\pool\plugins\org.eclipse.justj.openjdk.hotspot.jre.full.win32.x86_64_17.0.10.v20240120-1143\jre\bin\jli.dll
0x00007ffa2ab20000 - 0x00007ffa2acbe000 	C:\WINDOWS\System32\USER32.dll
0x00007ffa2a680000 - 0x00007ffa2a6a2000 	C:\WINDOWS\System32\win32u.dll
0x00007ffa2b3c0000 - 0x00007ffa2b3eb000 	C:\WINDOWS\System32\GDI32.dll
0x00007ffa29d30000 - 0x00007ffa29e47000 	C:\WINDOWS\System32\gdi32full.dll
0x00007ffa17550000 - 0x00007ffa177ea000 	C:\WINDOWS\WinSxS\amd64_microsoft.windows.common-controls_6595b64144ccf1df_6.0.19041.3636_none_60b6a03d71f818d5\COMCTL32.dll
0x00007ffa2a280000 - 0x00007ffa2a31d000 	C:\WINDOWS\System32\msvcp_win.dll
0x00007ffa2bf70000 - 0x00007ffa2c00e000 	C:\WINDOWS\System32\msvcrt.dll
0x00007ffa2c030000 - 0x00007ffa2c062000 	C:\WINDOWS\System32\IMM32.DLL
0x00007ffa22c20000 - 0x00007ffa22c2c000 	C:\Users\pkb19\.p2\pool\plugins\org.eclipse.justj.openjdk.hotspot.jre.full.win32.x86_64_17.0.10.v20240120-1143\jre\bin\vcruntime140_1.dll
0x00007ffa064a0000 - 0x00007ffa0652d000 	C:\Users\pkb19\.p2\pool\plugins\org.eclipse.justj.openjdk.hotspot.jre.full.win32.x86_64_17.0.10.v20240120-1143\jre\bin\msvcp140.dll
0x00007ff9c71c0000 - 0x00007ff9c7e22000 	C:\Users\pkb19\.p2\pool\plugins\org.eclipse.justj.openjdk.hotspot.jre.full.win32.x86_64_17.0.10.v20240120-1143\jre\bin\server\jvm.dll
0x00007ffa2acc0000 - 0x00007ffa2ad73000 	C:\WINDOWS\System32\ADVAPI32.dll
0x00007ffa2b2b0000 - 0x00007ffa2b34f000 	C:\WINDOWS\System32\sechost.dll
0x00007ffa2bcd0000 - 0x00007ffa2bdf6000 	C:\WINDOWS\System32\RPCRT4.dll
0x00007ffa29e50000 - 0x00007ffa29e77000 	C:\WINDOWS\System32\bcrypt.dll
0x00007ffa29b90000 - 0x00007ffa29bdb000 	C:\WINDOWS\SYSTEM32\POWRPROF.dll
0x00007ffa20020000 - 0x00007ffa20047000 	C:\WINDOWS\SYSTEM32\WINMM.dll
0x00007ffa11020000 - 0x00007ffa11029000 	C:\WINDOWS\SYSTEM32\WSOCK32.dll
0x00007ffa20050000 - 0x00007ffa2005a000 	C:\WINDOWS\SYSTEM32\VERSION.dll
0x00007ffa2b350000 - 0x00007ffa2b3bb000 	C:\WINDOWS\System32\WS2_32.dll
0x00007ffa29b70000 - 0x00007ffa29b82000 	C:\WINDOWS\SYSTEM32\UMPDC.dll
0x00007ffa27be0000 - 0x00007ffa27bf2000 	C:\WINDOWS\SYSTEM32\kernel.appcore.dll
0x00007ffa21570000 - 0x00007ffa2157a000 	C:\Users\pkb19\.p2\pool\plugins\org.eclipse.justj.openjdk.hotspot.jre.full.win32.x86_64_17.0.10.v20240120-1143\jre\bin\jimage.dll
0x00007ffa272e0000 - 0x00007ffa274c4000 	C:\WINDOWS\SYSTEM32\DBGHELP.DLL
0x00007ffa19d70000 - 0x00007ffa19da4000 	C:\WINDOWS\SYSTEM32\dbgcore.DLL
0x00007ffa2a580000 - 0x00007ffa2a602000 	C:\WINDOWS\System32\bcryptPrimitives.dll
0x00007ffa16b20000 - 0x00007ffa16b45000 	C:\Users\pkb19\.p2\pool\plugins\org.eclipse.justj.openjdk.hotspot.jre.full.win32.x86_64_17.0.10.v20240120-1143\jre\bin\java.dll

dbghelp: loaded successfully - version: 4.0.5 - missing functions: none
symbol engine: initialized successfully - sym options: 0x614 - pdb path: .;C:\Users\pkb19\.p2\pool\plugins\org.eclipse.justj.openjdk.hotspot.jre.full.win32.x86_64_17.0.10.v20240120-1143\jre\bin;C:\WINDOWS\SYSTEM32;C:\WINDOWS\WinSxS\amd64_microsoft.windows.common-controls_6595b64144ccf1df_6.0.19041.3636_none_60b6a03d71f818d5;C:\Users\pkb19\.p2\pool\plugins\org.eclipse.justj.openjdk.hotspot.jre.full.win32.x86_64_17.0.10.v20240120-1143\jre\bin\server

VM Arguments:
jvm_args: -Dfile.encoding=UTF-8 -Dstdout.encoding=UTF-8 -Dstderr.encoding=UTF-8 -XX:+ShowCodeDetailsInExceptionMessages 
java_command: Login
java_class_path (initial): C:\KB\SudokuSolver\bin;C:\app\pkb19\virtual\product\12.2.0\dbhome_1\jdbc\lib\ojdbc8.jar
Launcher Type: SUN_STANDARD

[Global flags]
     intx CICompilerCount                          = 4                                         {product} {ergonomic}
     uint ConcGCThreads                            = 2                                         {product} {ergonomic}
     uint G1ConcRefinementThreads                  = 8                                         {product} {ergonomic}
   size_t G1HeapRegionSize                         = 2097152                                   {product} {ergonomic}
    uintx GCDrainStackTargetSize                   = 64                                        {product} {ergonomic}
   size_t InitialHeapSize                          = 167772160                                 {product} {ergonomic}
   size_t MarkStackSize                            = 4194304                                   {product} {ergonomic}
   size_t MaxHeapSize                              = 2671771648                                {product} {ergonomic}
   size_t MinHeapDeltaBytes                        = 2097152                                   {product} {ergonomic}
   size_t MinHeapSize                              = 8388608                                   {product} {ergonomic}
    uintx NonNMethodCodeHeapSize                   = 5839372                                {pd product} {ergonomic}
    uintx NonProfiledCodeHeapSize                  = 122909434                              {pd product} {ergonomic}
    uintx ProfiledCodeHeapSize                     = 122909434                              {pd product} {ergonomic}
    uintx ReservedCodeCacheSize                    = 251658240                              {pd product} {ergonomic}
     bool SegmentedCodeCache                       = true                                      {product} {ergonomic}
     bool ShowCodeDetailsInExceptionMessages       = true                                   {manageable} {command line}
   size_t SoftMaxHeapSize                          = 2671771648                             {manageable} {ergonomic}
     bool UseCompressedClassPointers               = true                           {product lp64_product} {ergonomic}
     bool UseCompressedOops                        = true                           {product lp64_product} {ergonomic}
     bool UseG1GC                                  = true                                      {product} {ergonomic}
     bool UseLargePagesIndividualAllocation        = false                                  {pd product} {ergonomic}

Logging:
Log output configuration:
 #0: stdout all=warning uptime,level,tags
 #1: stderr all=off uptime,level,tags

Environment Variables:
JAVA_HOME=C:\Program Files\Java\jdk-12
PATH=C:/Users/pkb19/.p2/pool/plugins/org.eclipse.justj.openjdk.hotspot.jre.full.win32.x86_64_17.0.10.v20240120-1143/jre/bin/server;C:/Users/pkb19/.p2/pool/plugins/org.eclipse.justj.openjdk.hotspot.jre.full.win32.x86_64_17.0.10.v20240120-1143/jre/bin;C:\Program Files\Java\jdk-12bin;C:\app\pkb19\virtual\product\12.2.0\dbhome_1\bin;C:\Program Files\Common Files\Oracle\Java\javapath;C:\WINDOWS\system32;C:\WINDOWS;C:\WINDOWS\System32\Wbem;C:\WINDOWS\System32\WindowsPowerShell\v1.0\;C:\WINDOWS\System32\OpenSSH\;C:\Program Files\Git\cmd;C:\Program Files\Java\jdk-12\bin;C:\Users\pkb19\AppData\Local\Microsoft\WindowsApps;C:\Users\pkb19\AppData\Local\Programs\Microsoft VS Code\bin;;C:\Users\pkb19\eclipse\jee-2023-12\eclipse;
USERNAME=pkb19
OS=Windows_NT
PROCESSOR_IDENTIFIER=AMD64 Family 23 Model 24 Stepping 1, AuthenticAMD
TMP=C:\Users\pkb19\AppData\Local\Temp
TEMP=C:\Users\pkb19\AppData\Local\Temp



Periodic native trim disabled


---------------  S Y S T E M  ---------------

OS:
 Windows 10 , 64 bit Build 19041 (10.0.19041.3636)
OS uptime: 1 days 1:50 hours

CPU: total 8 (initial active 8) (8 cores per cpu, 2 threads per core) family 23 model 24 stepping 1 microcode 0x0, cx8, cmov, fxsr, ht, mmx, 3dnowpref, sse, sse2, sse3, ssse3, sse4a, sse4.1, sse4.2, popcnt, lzcnt, tsc, tscinvbit, avx, avx2, aes, clmul, bmi1, bmi2, adx, sha, fma, vzeroupper, clflush, clflushopt
Processor Information for all 8 processors :
  Max Mhz: 2300, Current Mhz: 2300, Mhz Limit: 2300

Memory: 4k page, system-wide physical 10187M (532M free)
TotalPageFile size 40630M (AvailPageFile size 46M)
current process WorkingSet (physical memory assigned to process): 10M, peak: 10M
current process commit charge ("private bytes"): 60M, peak: 219M

vm_info: OpenJDK 64-Bit Server VM (17.0.10+7) for windows-amd64 JRE (17.0.10+7), built on Jan 16 2024 23:25:11 by "admin" with MS VC++ 16.10 / 16.11 (VS2019)

END.
